
		Sun Jun 17 2018
10:13:56 OpenLink Virtuoso Universal Server
10:13:56 Version 07.20.3215-pthreads for Linux as of Nov 15 2017
10:13:56 uses parts of OpenSSL, PCRE, Html Tidy
10:13:56 SQL Optimizer enabled (max 1000 layouts)
10:13:56 Compiler unit is timed at 0.000282 msec
10:13:58 Checkpoint started
10:13:58 Roll forward started
10:13:58 Roll forward complete
10:13:58 Checkpoint started
10:13:58 Checkpoint finished, log reused
10:13:58 Checkpoint started
10:13:58 Checkpoint finished, log reused
10:13:59 Checkpoint started
10:13:59 Checkpoint finished, log reused
10:14:00 Checkpoint started
10:14:00 Checkpoint finished, log reused
10:14:00 Checkpoint started
10:14:00 Checkpoint finished, log reused
10:14:00 PL LOG: Installing Virtuoso Conductor version 1.00.8754 (DAV)
10:14:00 PL LOG: Installing with dependencies Virtuoso Conductor version 1.00.8754/2017-11-15 13:45 (DAV)
10:14:00 Checkpoint started
10:14:00 Checkpoint finished, log reused
10:14:02 Checkpoint started
10:14:02 Checkpoint finished, log reused
10:14:02 PL LOG: Installation with dependencies complete
10:14:02 Checkpoint started
10:14:02 Checkpoint finished, log reused
10:14:03 HTTP/WebDAV server online at 27015
10:14:03 Server online at 1111 (pid 18)
10:14:03 Server received signal 15
10:14:03 Initiating quick shutdown
10:14:03 Server shutdown complete

		Sun Jun 17 2018
10:14:03 OpenLink Virtuoso Universal Server
10:14:03 Version 07.20.3215-pthreads for Linux as of Nov 15 2017
10:14:03 uses parts of OpenSSL, PCRE, Html Tidy
10:14:03 Database version 3126
10:14:03 SQL Optimizer enabled (max 1000 layouts)
10:14:04 Compiler unit is timed at 0.000147 msec
10:14:05 Roll forward started
10:14:05     8 transactions, 1957 bytes replayed (100 %)
10:14:05 Roll forward complete
10:14:05 Checkpoint started
10:14:05 Checkpoint finished, log reused
10:14:05 HTTP/WebDAV server online at 27015
10:14:05 Server online at 1111 (pid 47)
10:14:05 PL LOG: Loader started
10:14:08 PL LOG: No more files to load. Loader has finished,
10:14:08 Checkpoint started
10:14:08 Checkpoint finished, log reused
10:14:08 Server received signal 15
10:14:08 Initiating quick shutdown
10:14:08 Server shutdown complete

		Sun Jun 17 2018
10:14:09 OpenLink Virtuoso Universal Server
10:14:09 Version 07.20.3215-pthreads for Linux as of Nov 15 2017
10:14:09 uses parts of OpenSSL, PCRE, Html Tidy
10:14:09 Database version 3126
10:14:09 SQL Optimizer enabled (max 1000 layouts)
10:14:10 Compiler unit is timed at 0.000143 msec
10:14:11 Roll forward started
10:14:11     3 transactions, 185 bytes replayed (100 %)
10:14:11 Roll forward complete
10:14:11 Checkpoint started
10:14:11 Checkpoint finished, log reused
10:14:11 HTTP/WebDAV server online at 8890
10:14:11 Server online at 1111 (pid 1)
10:20:41 Server received signal 15
10:20:41 Initiating quick shutdown
10:20:41 Server shutdown complete

		Sun Jun 17 2018
10:20:59 OpenLink Virtuoso Universal Server
10:20:59 Version 07.20.3215-pthreads for Linux as of Nov 15 2017
10:20:59 uses parts of OpenSSL, PCRE, Html Tidy
10:20:59 Database version 3126
10:20:59 SQL Optimizer enabled (max 1000 layouts)
10:21:01 Compiler unit is timed at 0.000126 msec
10:21:02 Roll forward started
10:21:02     3 transactions, 185 bytes replayed (100 %)
10:21:02 Roll forward complete
10:21:03 Checkpoint started
10:21:03 Checkpoint finished, log reused
10:21:05 HTTP/WebDAV server online at 8890
10:21:05 Server online at 1111 (pid 1)

		Sun Jun 17 2018
10:30:02 OpenLink Virtuoso Universal Server
10:30:02 Version 07.20.3215-pthreads for Linux as of Nov 15 2017
10:30:02 uses parts of OpenSSL, PCRE, Html Tidy
10:30:03 Database version 3126
10:30:03 SQL Optimizer enabled (max 1000 layouts)
10:30:04 Compiler unit is timed at 0.000270 msec
10:30:05 Roll forward started
10:30:05     3 transactions, 185 bytes replayed (100 %)
10:30:05 Roll forward complete
10:30:06 Checkpoint started
10:30:06 Checkpoint finished, log reused
10:30:06 HTTP/WebDAV server online at 8890
10:30:06 Server online at 1111 (pid 1)
10:33:05 Server received signal 15
10:33:05 Initiating quick shutdown
10:33:05 Server shutdown complete

		Sun Jun 17 2018
10:33:11 OpenLink Virtuoso Universal Server
10:33:11 Version 07.20.3215-pthreads for Linux as of Nov 15 2017
10:33:11 uses parts of OpenSSL, PCRE, Html Tidy
10:33:11 Database version 3126
10:33:11 SQL Optimizer enabled (max 1000 layouts)
10:33:13 Compiler unit is timed at 0.000183 msec
10:33:14 Roll forward started
10:33:14     3 transactions, 185 bytes replayed (100 %)
10:33:14 Roll forward complete
10:33:14 Checkpoint started
10:33:14 Checkpoint finished, log reused
10:33:14 HTTP/WebDAV server online at 8890
10:33:14 Server online at 1111 (pid 1)
10:44:32 Server received signal 15
10:44:32 Initiating quick shutdown
10:44:32 Server shutdown complete

		Sun Jun 17 2018
10:44:36 OpenLink Virtuoso Universal Server
10:44:36 Version 07.20.3215-pthreads for Linux as of Nov 15 2017
10:44:36 uses parts of OpenSSL, PCRE, Html Tidy
10:44:36 Database version 3126
10:44:36 SQL Optimizer enabled (max 1000 layouts)
10:44:37 Compiler unit is timed at 0.000157 msec
10:44:39 Roll forward started
10:44:40     199 transactions, 1241492 bytes replayed (100 %)
10:44:40 Roll forward complete
10:44:41 Checkpoint started
10:44:41 Checkpoint finished, log reused
10:44:41 HTTP/WebDAV server online at 8890
10:44:41 Server online at 1111 (pid 1)
10:49:46 Server received signal 15
10:49:46 Initiating quick shutdown
10:49:47 Server shutdown complete

		Sun Jun 17 2018
10:50:12 OpenLink Virtuoso Universal Server
10:50:12 Version 07.20.3215-pthreads for Linux as of Nov 15 2017
10:50:12 uses parts of OpenSSL, PCRE, Html Tidy
10:50:12 Database version 3126
10:50:13 SQL Optimizer enabled (max 1000 layouts)
10:50:14 Compiler unit is timed at 0.000224 msec
10:50:16 Roll forward started
10:50:16     3 transactions, 185 bytes replayed (100 %)
10:50:16 Roll forward complete
10:50:16 Checkpoint started
10:50:16 Checkpoint finished, log reused
10:50:18 HTTP/WebDAV server online at 8890
10:50:18 Server online at 1111 (pid 1)
10:55:51 Server received signal 15
10:55:51 Initiating quick shutdown
10:55:51 Server shutdown complete

		Sun Jun 17 2018
10:57:36 OpenLink Virtuoso Universal Server
10:57:36 Version 07.20.3215-pthreads for Linux as of Nov 15 2017
10:57:36 uses parts of OpenSSL, PCRE, Html Tidy
10:57:36 Database version 3126
10:57:36 SQL Optimizer enabled (max 1000 layouts)
10:57:37 Compiler unit is timed at 0.000138 msec
10:57:39 Roll forward started
10:57:39     3 transactions, 185 bytes replayed (100 %)
10:57:39 Roll forward complete
10:57:39 Checkpoint started
10:57:40 Checkpoint finished, log reused
10:57:40 HTTP/WebDAV server online at 8890
10:57:40 Server online at 1111 (pid 1)

		Sun Jun 17 2018
11:01:53 OpenLink Virtuoso Universal Server
11:01:53 Version 07.20.3215-pthreads for Linux as of Nov 15 2017
11:01:53 uses parts of OpenSSL, PCRE, Html Tidy
11:01:53 Database version 3126
11:01:53 SQL Optimizer enabled (max 1000 layouts)
11:01:54 Compiler unit is timed at 0.000205 msec
11:01:56 Roll forward started
11:01:56     3 transactions, 185 bytes replayed (100 %)
11:01:56 Roll forward complete
11:01:56 Checkpoint started
11:01:56 Checkpoint finished, log reused
11:01:56 HTTP/WebDAV server online at 8890
11:01:56 Server online at 1111 (pid 1)
11:08:43 Server received signal 15
11:08:43 Initiating quick shutdown
11:08:43 Server shutdown complete

		Sun Jun 17 2018
11:09:02 OpenLink Virtuoso Universal Server
11:09:02 Version 07.20.3215-pthreads for Linux as of Nov 15 2017
11:09:02 uses parts of OpenSSL, PCRE, Html Tidy
11:09:02 Database version 3126
11:09:02 SQL Optimizer enabled (max 1000 layouts)
11:09:03 Compiler unit is timed at 0.000165 msec
11:09:06 Roll forward started
11:09:06     3 transactions, 185 bytes replayed (100 %)
11:09:06 Roll forward complete
11:09:06 Checkpoint started
11:09:06 Checkpoint finished, log reused
11:09:06 HTTP/WebDAV server online at 8890
11:09:06 Server online at 1111 (pid 1)
11:12:42 Server received signal 15
11:12:42 Initiating quick shutdown
11:12:42 Server shutdown complete

		Sun Jun 17 2018
11:13:06 OpenLink Virtuoso Universal Server
11:13:06 Version 07.20.3215-pthreads for Linux as of Nov 15 2017
11:13:06 uses parts of OpenSSL, PCRE, Html Tidy
11:13:06 Database version 3126
11:13:06 SQL Optimizer enabled (max 1000 layouts)
11:13:07 Compiler unit is timed at 0.000114 msec
11:13:09 Roll forward started
11:13:09     3 transactions, 185 bytes replayed (100 %)
11:13:09 Roll forward complete
11:13:09 Checkpoint started
11:13:09 Checkpoint finished, log reused
11:13:09 HTTP/WebDAV server online at 8890
11:13:09 Server online at 1111 (pid 1)

		Sun Jun 17 2018
11:34:45 OpenLink Virtuoso Universal Server
11:34:45 Version 07.20.3215-pthreads for Linux as of Nov 15 2017
11:34:45 uses parts of OpenSSL, PCRE, Html Tidy
11:34:45 Database version 3126
11:34:45 SQL Optimizer enabled (max 1000 layouts)
11:34:46 Compiler unit is timed at 0.000305 msec
11:34:47 Roll forward started
11:34:47     3 transactions, 185 bytes replayed (100 %)
11:34:47 Roll forward complete
11:34:48 Checkpoint started
11:34:48 Checkpoint finished, log reused
11:34:48 HTTP/WebDAV server online at 8890
11:34:48 Server online at 1111 (pid 1)
11:37:15 Server received signal 15
11:37:15 Initiating quick shutdown
11:37:15 Server shutdown complete

		Sun Jun 17 2018
11:39:01 OpenLink Virtuoso Universal Server
11:39:01 Version 07.20.3215-pthreads for Linux as of Nov 15 2017
11:39:01 uses parts of OpenSSL, PCRE, Html Tidy
11:39:01 Database version 3126
11:39:01 SQL Optimizer enabled (max 1000 layouts)
11:39:02 Compiler unit is timed at 0.000168 msec
11:39:04 Roll forward started
11:39:04     3 transactions, 185 bytes replayed (100 %)
11:39:04 Roll forward complete
11:39:04 Checkpoint started
11:39:04 Checkpoint finished, log reused
11:39:04 HTTP/WebDAV server online at 8890
11:39:04 Server online at 1111 (pid 1)
11:47:18 Server received signal 15
11:47:18 Initiating quick shutdown
11:47:18 Server shutdown complete

		Sun Jun 17 2018
11:48:50 OpenLink Virtuoso Universal Server
11:48:50 Version 07.20.3215-pthreads for Linux as of Nov 15 2017
11:48:50 uses parts of OpenSSL, PCRE, Html Tidy
11:48:50 Database version 3126
11:48:50 SQL Optimizer enabled (max 1000 layouts)
11:48:51 Compiler unit is timed at 0.000211 msec
11:48:54 Roll forward started
11:48:54     3 transactions, 185 bytes replayed (100 %)
11:48:54 Roll forward complete
11:48:54 Checkpoint started
11:48:54 Checkpoint finished, log reused
11:48:54 HTTP/WebDAV server online at 8890
11:48:54 Server online at 1111 (pid 1)

		Sun Jun 17 2018
12:33:33 OpenLink Virtuoso Universal Server
12:33:33 Version 07.20.3215-pthreads for Linux as of Nov 15 2017
12:33:33 uses parts of OpenSSL, PCRE, Html Tidy
12:33:33 Database version 3126
12:33:33 SQL Optimizer enabled (max 1000 layouts)
12:33:34 Compiler unit is timed at 0.000163 msec
12:33:36 Roll forward started
12:33:36     62 transactions, 5216 bytes replayed (100 %)
12:33:36 Roll forward complete
12:33:36 Checkpoint started
12:33:36 Checkpoint finished, log reused
12:33:38 HTTP/WebDAV server online at 8890
12:33:38 Server online at 1111 (pid 1)

		Sun Jun 17 2018
12:38:23 OpenLink Virtuoso Universal Server
12:38:23 Version 07.20.3215-pthreads for Linux as of Nov 15 2017
12:38:23 uses parts of OpenSSL, PCRE, Html Tidy
12:38:23 Database version 3126
12:38:23 SQL Optimizer enabled (max 1000 layouts)
12:38:24 Compiler unit is timed at 0.000142 msec
12:38:26 Roll forward started
12:38:26     3 transactions, 185 bytes replayed (100 %)
12:38:26 Roll forward complete
12:38:27 Checkpoint started
12:38:27 Checkpoint finished, log reused
12:38:27 HTTP/WebDAV server online at 8890
12:38:27 Server online at 1111 (pid 1)
13:38:28 Checkpoint started
13:38:28 Checkpoint finished, log reused

		Sun Jun 17 2018
13:51:14 OpenLink Virtuoso Universal Server
13:51:14 Version 07.20.3215-pthreads for Linux as of Nov 15 2017
13:51:14 uses parts of OpenSSL, PCRE, Html Tidy
13:51:14 Database version 3126
13:51:14 SQL Optimizer enabled (max 1000 layouts)
13:51:16 Compiler unit is timed at 0.000287 msec
13:51:18 Roll forward started
13:51:18     33 transactions, 2779 bytes replayed (100 %)
13:51:18 Roll forward complete
13:51:18 Checkpoint started
13:51:18 Checkpoint finished, log reused
13:51:18 HTTP/WebDAV server online at 8890
13:51:18 Server online at 1111 (pid 1)
14:51:20 Checkpoint started
14:51:20 Checkpoint finished, log reused

		Sun Jun 17 2018
15:26:32 OpenLink Virtuoso Universal Server
15:26:32 Version 07.20.3215-pthreads for Linux as of Nov 15 2017
15:26:32 uses parts of OpenSSL, PCRE, Html Tidy
15:26:32 Database version 3126
15:26:32 SQL Optimizer enabled (max 1000 layouts)
15:26:33 Compiler unit is timed at 0.000175 msec
15:26:34 Roll forward started
15:26:34     33 transactions, 2779 bytes replayed (100 %)
15:26:34 Roll forward complete
15:26:35 Checkpoint started
15:26:35 Checkpoint finished, log reused
15:26:35 HTTP/WebDAV server online at 8890
15:26:35 Server online at 1111 (pid 1)
15:42:30 Server received signal 15
15:42:30 Initiating quick shutdown
15:42:30 Server shutdown complete

		Sun Jun 17 2018
15:47:04 OpenLink Virtuoso Universal Server
15:47:04 Version 07.20.3215-pthreads for Linux as of Nov 15 2017
15:47:04 uses parts of OpenSSL, PCRE, Html Tidy
15:47:04 Database version 3126
15:47:04 SQL Optimizer enabled (max 1000 layouts)
15:47:05 Compiler unit is timed at 0.000175 msec
15:47:07 Roll forward started
15:47:07     71 transactions, 19783 bytes replayed (100 %)
15:47:07 Roll forward complete
15:47:07 Checkpoint started
15:47:07 Checkpoint finished, log reused
15:47:09 HTTP/WebDAV server online at 8890
15:47:09 Server online at 1111 (pid 1)

		Sun Jun 17 2018
15:50:02 OpenLink Virtuoso Universal Server
15:50:02 Version 07.20.3215-pthreads for Linux as of Nov 15 2017
15:50:02 uses parts of OpenSSL, PCRE, Html Tidy
15:50:02 Database version 3126
15:50:02 SQL Optimizer enabled (max 1000 layouts)
15:50:03 Compiler unit is timed at 0.000173 msec
15:50:04 Roll forward started
15:50:04     3 transactions, 185 bytes replayed (100 %)
15:50:04 Roll forward complete
15:50:05 Checkpoint started
15:50:05 Checkpoint finished, log reused
15:50:05 HTTP/WebDAV server online at 8890
15:50:05 Server online at 1111 (pid 1)
15:50:38 Server received signal 15
15:50:38 Initiating quick shutdown
15:50:38 Server shutdown complete
